<?xml version="1.0" encoding="UTF-8"?>
<!-- Generated by org.testng.reporters.JUnitXMLReporter -->
<testsuite hostname="PurushothA" ignored="1" name="Test1" tests="2" failures="0" timestamp="2020-02-17T10:37:57 IST" time="27.893" errors="0">
  <testcase name="googleSearch" time="12.214" classname="test.TestNgDemo"/>
  <testcase name="googleSearch3" time="13.791" classname="test.TestNgDemo2"/>
  <testcase name="googleSearch2" time="0.0" classname="test.TestNgDemo2">
    <ignored/>
  </testcase> <!-- googleSearch2 -->
</testsuite> <!-- Test1 -->
